# JRE version: Java(TM) SE Runtime Environment (8.0_66-b18) (build 1.8.0_66-b18)
# Java VM: Java HotSpot(TM) 64-Bit Server VM (25.66-b18 mixed mode windows-amd64 compressed oops)
Heap:
 PSYoungGen      total 111616K, used 85571K [0x00000000eab00000, 0x00000000f4a80000, 0x0000000100000000)
  eden space 88576K, 70% used [0x00000000eab00000,0x00000000ee822ac0,0x00000000f0180000)
  from space 23040K, 99% used [0x00000000f0380000,0x00000000f19ee448,0x00000000f1a00000)
  to   space 37376K, 0% used [0x00000000f2600000,0x00000000f2600000,0x00000000f4a80000)
 ParOldGen       total 100352K, used 33034K [0x00000000c0000000, 0x00000000c6200000, 0x00000000eab00000)
  object space 100352K, 32% used [0x00000000c0000000,0x00000000c2042a50,0x00000000c6200000)
 Metaspace       used 49776K, capacity 50466K, committed 50560K, reserved 1093632K
  class space    used 6320K, capacity 6484K, committed 6528K, reserved 1048576K
GC Heap History (10 events):
Event: 61.781 GC heap before
{Heap before GC invocations=25 (full 8):
 PSYoungGen      total 119808K, used 109243K [0x00000000eab00000, 0x00000000f4880000, 0x0000000100000000)
  eden space 100864K, 100% used [0x00000000eab00000,0x00000000f0d80000,0x00000000f0d80000)
  from space 18944K, 44% used [0x00000000f3600000,0x00000000f3e2efb0,0x00000000f4880000)
  to   space 30208K, 0% used [0x00000000f0d80000,0x00000000f0d80000,0x00000000f2b00000)
 ParOldGen       total 100352K, used 31502K [0x00000000c0000000, 0x00000000c6200000, 0x00000000eab00000)
  object space 100352K, 31% used [0x00000000c0000000,0x00000000c1ec3ad8,0x00000000c6200000)
 Metaspace       used 47375K, capacity 47908K, committed 48256K, reserved 1091584K
  class space    used 6037K, capacity 6187K, committed 6272K, reserved 1048576K
Event: 61.787 GC heap after
Heap after GC invocations=25 (full 8):
 PSYoungGen      total 131072K, used 7048K [0x00000000eab00000, 0x00000000f5080000, 0x0000000100000000)
  eden space 100864K, 0% used [0x00000000eab00000,0x00000000eab00000,0x00000000f0d80000)
  from space 30208K, 23% used [0x00000000f0d80000,0x00000000f1462158,0x00000000f2b00000)
  to   space 28672K, 0% used [0x00000000f3480000,0x00000000f3480000,0x00000000f5080000)
 ParOldGen       total 100352K, used 31510K [0x00000000c0000000, 0x00000000c6200000, 0x00000000eab00000)
  object space 100352K, 31% used [0x00000000c0000000,0x00000000c1ec5ad8,0x00000000c6200000)
 Metaspace       used 47375K, capacity 47908K, committed 48256K, reserved 1091584K
  class space    used 6037K, capacity 6187K, committed 6272K, reserved 1048576K
}
Event: 177.747 GC heap before
{Heap before GC invocations=26 (full 8):
 PSYoungGen      total 131072K, used 107912K [0x00000000eab00000, 0x00000000f5080000, 0x0000000100000000)
  eden space 100864K, 100% used [0x00000000eab00000,0x00000000f0d80000,0x00000000f0d80000)
  from space 30208K, 23% used [0x00000000f0d80000,0x00000000f1462158,0x00000000f2b00000)
  to   space 28672K, 0% used [0x00000000f3480000,0x00000000f3480000,0x00000000f5080000)
 ParOldGen       total 100352K, used 31510K [0x00000000c0000000, 0x00000000c6200000, 0x00000000eab00000)
  object space 100352K, 31% used [0x00000000c0000000,0x00000000c1ec5ad8,0x00000000c6200000)
 Metaspace       used 49109K, capacity 49826K, committed 50048K, reserved 1093632K
  class space    used 6307K, capacity 6484K, committed 6528K, reserved 1048576K
Event: 177.758 GC heap after
Heap after GC invocations=26 (full 8):
 PSYoungGen      total 117248K, used 18689K [0x00000000eab00000, 0x00000000f4700000, 0x0000000100000000)
  eden space 98304K, 0% used [0x00000000eab00000,0x00000000eab00000,0x00000000f0b00000)
  from space 18944K, 98% used [0x00000000f3480000,0x00000000f46c0418,0x00000000f4700000)
  to   space 30208K, 0% used [0x00000000f0c00000,0x00000000f0c00000,0x00000000f2980000)
 ParOldGen       total 100352K, used 31518K [0x00000000c0000000, 0x00000000c6200000, 0x00000000eab00000)
  object space 100352K, 31% used [0x00000000c0000000,0x00000000c1ec7ad8,0x00000000c6200000)
 Metaspace       used 49109K, capacity 49826K, committed 50048K, reserved 1093632K
  class space    used 6307K, capacity 6484K, committed 6528K, reserved 1048576K
}
Event: 252.081 GC heap before
{Heap before GC invocations=27 (full 8):
 PSYoungGen      total 117248K, used 116993K [0x00000000eab00000, 0x00000000f4700000, 0x0000000100000000)
  eden space 98304K, 100% used [0x00000000eab00000,0x00000000f0b00000,0x00000000f0b00000)
  from space 18944K, 98% used [0x00000000f3480000,0x00000000f46c0418,0x00000000f4700000)
  to   space 30208K, 0% used [0x00000000f0c00000,0x00000000f0c00000,0x00000000f2980000)
 ParOldGen       total 100352K, used 31518K [0x00000000c0000000, 0x00000000c6200000, 0x00000000eab00000)
  object space 100352K, 31% used [0x00000000c0000000,0x00000000c1ec7ad8,0x00000000c6200000)
 Metaspace       used 49276K, capacity 49954K, committed 50048K, reserved 1093632K
  class space    used 6311K, capacity 6484K, committed 6528K, reserved 1048576K
Event: 252.084 GC heap after
Heap after GC invocations=27 (full 8):
 PSYoungGen      total 113152K, used 17187K [0x00000000eab00000, 0x00000000f4480000, 0x0000000100000000)
  eden space 95744K, 0% used [0x00000000eab00000,0x00000000eab00000,0x00000000f0880000)
  from space 17408K, 98% used [0x00000000f0c00000,0x00000000f1cc8d30,0x00000000f1d00000)
  to   space 30720K, 0% used [0x00000000f2680000,0x00000000f2680000,0x00000000f4480000)
 ParOldGen       total 100352K, used 31526K [0x00000000c0000000, 0x00000000c6200000, 0x00000000eab00000)
  object space 100352K, 31% used [0x00000000c0000000,0x00000000c1ec9ad8,0x00000000c6200000)
 Metaspace       used 49276K, capacity 49954K, committed 50048K, reserved 1093632K
  class space    used 6311K, capacity 6484K, committed 6528K, reserved 1048576K
}
Event: 434.894 GC heap before
{Heap before GC invocations=28 (full 8):
 PSYoungGen      total 113152K, used 112931K [0x00000000eab00000, 0x00000000f4480000, 0x0000000100000000)
  eden space 95744K, 100% used [0x00000000eab00000,0x00000000f0880000,0x00000000f0880000)
  from space 17408K, 98% used [0x00000000f0c00000,0x00000000f1cc8d30,0x00000000f1d00000)
  to   space 30720K, 0% used [0x00000000f2680000,0x00000000f2680000,0x00000000f4480000)
 ParOldGen       total 100352K, used 31526K [0x00000000c0000000, 0x00000000c6200000, 0x00000000eab00000)
  object space 100352K, 31% used [0x00000000c0000000,0x00000000c1ec9ad8,0x00000000c6200000)
 Metaspace       used 49498K, capacity 50210K, committed 50304K, reserved 1093632K
  class space    used 6313K, capacity 6484K, committed 6528K, reserved 1048576K
Event: 434.899 GC heap after
Heap after GC invocations=28 (full 8):
 PSYoungGen      total 121344K, used 30260K [0x00000000eab00000, 0x00000000f4c80000, 0x0000000100000000)
  eden space 90624K, 0% used [0x00000000eab00000,0x00000000eab00000,0x00000000f0380000)
  from space 30720K, 98% used [0x00000000f2680000,0x00000000f440d330,0x00000000f4480000)
  to   space 35840K, 0% used [0x00000000f0380000,0x00000000f0380000,0x00000000f2680000)
 ParOldGen       total 100352K, used 33026K [0x00000000c0000000, 0x00000000c6200000, 0x00000000eab00000)
  object space 100352K, 32% used [0x00000000c0000000,0x00000000c2040a50,0x00000000c6200000)
 Metaspace       used 49498K, capacity 50210K, committed 50304K, reserved 1093632K
  class space    used 6313K, capacity 6484K, committed 6528K, reserved 1048576K
}
Event: 582.501 GC heap before
{Heap before GC invocations=29 (full 8):
 PSYoungGen      total 121344K, used 120884K [0x00000000eab00000, 0x00000000f4c80000, 0x0000000100000000)
  eden space 90624K, 100% used [0x00000000eab00000,0x00000000f0380000,0x00000000f0380000)
  from space 30720K, 98% used [0x00000000f2680000,0x00000000f440d330,0x00000000f4480000)
  to   space 35840K, 0% used [0x00000000f0380000,0x00000000f0380000,0x00000000f2680000)
 ParOldGen       total 100352K, used 33026K [0x00000000c0000000, 0x00000000c6200000, 0x00000000eab00000)
  object space 100352K, 32% used [0x00000000c0000000,0x00000000c2040a50,0x00000000c6200000)
 Metaspace       used 49561K, capacity 50274K, committed 50560K, reserved 1093632K
  class space    used 6313K, capacity 6484K, committed 6528K, reserved 1048576K
Event: 582.507 GC heap after
Heap after GC invocations=29 (full 8):
 PSYoungGen      total 111616K, used 22969K [0x00000000eab00000, 0x00000000f4a80000, 0x0000000100000000)
  eden space 88576K, 0% used [0x00000000eab00000,0x00000000eab00000,0x00000000f0180000)
  from space 23040K, 99% used [0x00000000f0380000,0x00000000f19ee448,0x00000000f1a00000)
  to   space 37376K, 0% used [0x00000000f2600000,0x00000000f2600000,0x00000000f4a80000)
 ParOldGen       total 100352K, used 33034K [0x00000000c0000000, 0x00000000c6200000, 0x00000000eab00000)
  object space 100352K, 32% used [0x00000000c0000000,0x00000000c2042a50,0x00000000c6200000)
 Metaspace       used 49561K, capacity 50274K, committed 50560K, reserved 1093632K
  class space    used 6313K, capacity 6484K, committed 6528K, reserved 1048576K
}

