# JRE version: Java(TM) SE Runtime Environment (8.0_66-b18) (build 1.8.0_66-b18)
# Java VM: Java HotSpot(TM) 64-Bit Server VM (25.66-b18 mixed mode windows-amd64 compressed oops)
Heap:
 PSYoungGen      total 203264K, used 21237K [0x00000000eab00000, 0x00000000f8400000, 0x0000000100000000)
  eden space 198144K, 8% used [0x00000000eab00000,0x00000000ebae8c50,0x00000000f6c80000)
  from space 5120K, 96% used [0x00000000f7f00000,0x00000000f83d4a20,0x00000000f8400000)
  to   space 9728K, 0% used [0x00000000f7100000,0x00000000f7100000,0x00000000f7a80000)
 ParOldGen       total 182784K, used 27942K [0x00000000c0000000, 0x00000000cb280000, 0x00000000eab00000)
  object space 182784K, 15% used [0x00000000c0000000,0x00000000c1b49be8,0x00000000cb280000)
 Metaspace       used 42764K, capacity 43254K, committed 43480K, reserved 1087488K
  class space    used 5444K, capacity 5550K, committed 5592K, reserved 1048576K
GC Heap History (10 events):
Event: 113.299 GC heap before
{Heap before GC invocations=40 (full 19):
 PSYoungGen      total 147968K, used 421K [0x00000000eab00000, 0x00000000f4600000, 0x0000000100000000)
  eden space 137216K, 0% used [0x00000000eab00000,0x00000000eab00000,0x00000000f3100000)
  from space 10752K, 3% used [0x00000000f3100000,0x00000000f31697a0,0x00000000f3b80000)
  to   space 10752K, 0% used [0x00000000f3b80000,0x00000000f3b80000,0x00000000f4600000)
 ParOldGen       total 182784K, used 27872K [0x00000000c0000000, 0x00000000cb280000, 0x00000000eab00000)
  object space 182784K, 15% used [0x00000000c0000000,0x00000000c1b383d8,0x00000000cb280000)
 Metaspace       used 40887K, capacity 41360K, committed 41816K, reserved 1085440K
  class space    used 5282K, capacity 5373K, committed 5464K, reserved 1048576K
Event: 113.344 GC heap after
Heap after GC invocations=40 (full 19):
 PSYoungGen      total 147968K, used 0K [0x00000000eab00000, 0x00000000f4600000, 0x0000000100000000)
  eden space 137216K, 0% used [0x00000000eab00000,0x00000000eab00000,0x00000000f3100000)
  from space 10752K, 0% used [0x00000000f3100000,0x00000000f3100000,0x00000000f3b80000)
  to   space 10752K, 0% used [0x00000000f3b80000,0x00000000f3b80000,0x00000000f4600000)
 ParOldGen       total 182784K, used 28038K [0x00000000c0000000, 0x00000000cb280000, 0x00000000eab00000)
  object space 182784K, 15% used [0x00000000c0000000,0x00000000c1b61be8,0x00000000cb280000)
 Metaspace       used 40887K, capacity 41360K, committed 41816K, reserved 1085440K
  class space    used 5282K, capacity 5373K, committed 5464K, reserved 1048576K
}
Event: 123.565 GC heap before
{Heap before GC invocations=41 (full 19):
 PSYoungGen      total 147968K, used 32800K [0x00000000eab00000, 0x00000000f4600000, 0x0000000100000000)
  eden space 137216K, 23% used [0x00000000eab00000,0x00000000ecb080f0,0x00000000f3100000)
  from space 10752K, 0% used [0x00000000f3100000,0x00000000f3100000,0x00000000f3b80000)
  to   space 10752K, 0% used [0x00000000f3b80000,0x00000000f3b80000,0x00000000f4600000)
 ParOldGen       total 182784K, used 28038K [0x00000000c0000000, 0x00000000cb280000, 0x00000000eab00000)
  object space 182784K, 15% used [0x00000000c0000000,0x00000000c1b61be8,0x00000000cb280000)
 Metaspace       used 41009K, capacity 41454K, committed 41816K, reserved 1085440K
  class space    used 5285K, capacity 5378K, committed 5464K, reserved 1048576K
Event: 123.567 GC heap after
Heap after GC invocations=41 (full 19):
 PSYoungGen      total 147968K, used 640K [0x00000000eab00000, 0x00000000f4600000, 0x0000000100000000)
  eden space 137216K, 0% used [0x00000000eab00000,0x00000000eab00000,0x00000000f3100000)
  from space 10752K, 5% used [0x00000000f3b80000,0x00000000f3c20000,0x00000000f4600000)
  to   space 10752K, 0% used [0x00000000f3100000,0x00000000f3100000,0x00000000f3b80000)
 ParOldGen       total 182784K, used 28046K [0x00000000c0000000, 0x00000000cb280000, 0x00000000eab00000)
  object space 182784K, 15% used [0x00000000c0000000,0x00000000c1b63be8,0x00000000cb280000)
 Metaspace       used 41009K, capacity 41454K, committed 41816K, reserved 1085440K
  class space    used 5285K, capacity 5378K, committed 5464K, reserved 1048576K
}
Event: 123.567 GC heap before
{Heap before GC invocations=42 (full 20):
 PSYoungGen      total 147968K, used 640K [0x00000000eab00000, 0x00000000f4600000, 0x0000000100000000)
  eden space 137216K, 0% used [0x00000000eab00000,0x00000000eab00000,0x00000000f3100000)
  from space 10752K, 5% used [0x00000000f3b80000,0x00000000f3c20000,0x00000000f4600000)
  to   space 10752K, 0% used [0x00000000f3100000,0x00000000f3100000,0x00000000f3b80000)
 ParOldGen       total 182784K, used 28046K [0x00000000c0000000, 0x00000000cb280000, 0x00000000eab00000)
  object space 182784K, 15% used [0x00000000c0000000,0x00000000c1b63be8,0x00000000cb280000)
 Metaspace       used 41009K, capacity 41454K, committed 41816K, reserved 1085440K
  class space    used 5285K, capacity 5378K, committed 5464K, reserved 1048576K
Event: 123.615 GC heap after
Heap after GC invocations=42 (full 20):
 PSYoungGen      total 147968K, used 0K [0x00000000eab00000, 0x00000000f4600000, 0x0000000100000000)
  eden space 137216K, 0% used [0x00000000eab00000,0x00000000eab00000,0x00000000f3100000)
  from space 10752K, 0% used [0x00000000f3b80000,0x00000000f3b80000,0x00000000f4600000)
  to   space 10752K, 0% used [0x00000000f3100000,0x00000000f3100000,0x00000000f3b80000)
 ParOldGen       total 182784K, used 27934K [0x00000000c0000000, 0x00000000cb280000, 0x00000000eab00000)
  object space 182784K, 15% used [0x00000000c0000000,0x00000000c1b47be8,0x00000000cb280000)
 Metaspace       used 41009K, capacity 41454K, committed 41816K, reserved 1085440K
  class space    used 5285K, capacity 5378K, committed 5464K, reserved 1048576K
}
Event: 123.630 GC heap before
{Heap before GC invocations=43 (full 20):
 PSYoungGen      total 147968K, used 4227K [0x00000000eab00000, 0x00000000f4600000, 0x0000000100000000)
  eden space 137216K, 3% used [0x00000000eab00000,0x00000000eaf20c88,0x00000000f3100000)
  from space 10752K, 0% used [0x00000000f3b80000,0x00000000f3b80000,0x00000000f4600000)
  to   space 10752K, 0% used [0x00000000f3100000,0x00000000f3100000,0x00000000f3b80000)
 ParOldGen       total 182784K, used 27934K [0x00000000c0000000, 0x00000000cb280000, 0x00000000eab00000)
  object space 182784K, 15% used [0x00000000c0000000,0x00000000c1b47be8,0x00000000cb280000)
 Metaspace       used 41016K, capacity 41454K, committed 41816K, reserved 1085440K
  class space    used 5285K, capacity 5378K, committed 5464K, reserved 1048576K
Event: 123.631 GC heap after
Heap after GC invocations=43 (full 20):
 PSYoungGen      total 147968K, used 453K [0x00000000eab00000, 0x00000000f8800000, 0x0000000100000000)
  eden space 137216K, 0% used [0x00000000eab00000,0x00000000eab00000,0x00000000f3100000)
  from space 10752K, 4% used [0x00000000f3100000,0x00000000f31717a0,0x00000000f3b80000)
  to   space 9216K, 0% used [0x00000000f7f00000,0x00000000f7f00000,0x00000000f8800000)
 ParOldGen       total 182784K, used 27934K [0x00000000c0000000, 0x00000000cb280000, 0x00000000eab00000)
  object space 182784K, 15% used [0x00000000c0000000,0x00000000c1b47be8,0x00000000cb280000)
 Metaspace       used 41016K, capacity 41454K, committed 41816K, reserved 1085440K
  class space    used 5285K, capacity 5378K, committed 5464K, reserved 1048576K
}
Event: 308.935 GC heap before
{Heap before GC invocations=44 (full 20):
 PSYoungGen      total 147968K, used 137669K [0x00000000eab00000, 0x00000000f8800000, 0x0000000100000000)
  eden space 137216K, 100% used [0x00000000eab00000,0x00000000f3100000,0x00000000f3100000)
  from space 10752K, 4% used [0x00000000f3100000,0x00000000f31717a0,0x00000000f3b80000)
  to   space 9216K, 0% used [0x00000000f7f00000,0x00000000f7f00000,0x00000000f8800000)
 ParOldGen       total 182784K, used 27934K [0x00000000c0000000, 0x00000000cb280000, 0x00000000eab00000)
  object space 182784K, 15% used [0x00000000c0000000,0x00000000c1b47be8,0x00000000cb280000)
 Metaspace       used 42297K, capacity 42830K, committed 43224K, reserved 1087488K
  class space    used 5397K, capacity 5516K, committed 5592K, reserved 1048576K
Event: 308.939 GC heap after
Heap after GC invocations=44 (full 20):
 PSYoungGen      total 203264K, used 4946K [0x00000000eab00000, 0x00000000f8400000, 0x0000000100000000)
  eden space 198144K, 0% used [0x00000000eab00000,0x00000000eab00000,0x00000000f6c80000)
  from space 5120K, 96% used [0x00000000f7f00000,0x00000000f83d4a20,0x00000000f8400000)
  to   space 9728K, 0% used [0x00000000f7100000,0x00000000f7100000,0x00000000f7a80000)
 ParOldGen       total 182784K, used 27942K [0x00000000c0000000, 0x00000000cb280000, 0x00000000eab00000)
  object space 182784K, 15% used [0x00000000c0000000,0x00000000c1b49be8,0x00000000cb280000)
 Metaspace       used 42297K, capacity 42830K, committed 43224K, reserved 1087488K
  class space    used 5397K, capacity 5516K, committed 5592K, reserved 1048576K
}

